2026-05-19 17:09:56,586 - __main__ - INFO - 🏨 Hotel Bot запускается...
2026-05-19 17:12:28,273 - __main__ - INFO - Новое бронирование: пользователь 6437715355, отель Nomad Inn
2026-05-19 17:28:01,578 - __main__ - INFO - Новое бронирование: пользователь 6437715355, отель Ramada Plaza Astana
2026-05-19 17:28:16,827 - __main__ - INFO - Пользователь 6437715355 отменил бронирование 4
2026-05-19 17:36:32,111 - TeleBot - ERROR - Threaded polling exception: A request to the Telegram API was unsuccessful. Error code: 409. Description: Conflict: terminated by other getUpdates request; make sure that only one bot instance is running
2026-05-19 17:36:32,113 - TeleBot - ERROR - Exception traceback:
Traceback (most recent call last):
  File "/Users/erkosh2001/Downloads/hotel_bot/.venv/lib/python3.9/site-packages/telebot/__init__.py", line 1073, in __threaded_polling
    polling_thread.raise_exceptions()
  File "/Users/erkosh2001/Downloads/hotel_bot/.venv/lib/python3.9/site-packages/telebot/util.py", line 108, in raise_exceptions
    raise self.exception_info
  File "/Users/erkosh2001/Downloads/hotel_bot/.venv/lib/python3.9/site-packages/telebot/util.py", line 90, in run
    task(*args, **kwargs)
  File "/Users/erkosh2001/Downloads/hotel_bot/.venv/lib/python3.9/site-packages/telebot/__init__.py", line 649, in __retrieve_updates
    updates = self.get_updates(offset=(self.last_update_id + 1),
  File "/Users/erkosh2001/Downloads/hotel_bot/.venv/lib/python3.9/site-packages/telebot/__init__.py", line 623, in get_updates
    json_updates = apihelper.get_updates(self.token, offset, limit, timeout, allowed_updates, long_polling_timeout)
  File "/Users/erkosh2001/Downloads/hotel_bot/.venv/lib/python3.9/site-packages/telebot/apihelper.py", line 321, in get_updates
    return _make_request(token, method_url, params=payload)
  File "/Users/erkosh2001/Downloads/hotel_bot/.venv/lib/python3.9/site-packages/telebot/apihelper.py", line 162, in _make_request
    json_result = _check_result(method_name, result)
  File "/Users/erkosh2001/Downloads/hotel_bot/.venv/lib/python3.9/site-packages/telebot/apihelper.py", line 189, in _check_result
    raise ApiTelegramException(method_name, result, result_json)
telebot.apihelper.ApiTelegramException: A request to the Telegram API was unsuccessful. Error code: 409. Description: Conflict: terminated by other getUpdates request; make sure that only one bot instance is running

2026-05-19 17:36:35,970 - TeleBot - ERROR - Threaded polling exception: A request to the Telegram API was unsuccessful. Error code: 409. Description: Conflict: terminated by other getUpdates request; make sure that only one bot instance is running
2026-05-19 17:36:35,970 - TeleBot - ERROR - Exception traceback:
Traceback (most recent call last):
  File "/Users/erkosh2001/Downloads/hotel_bot/.venv/lib/python3.9/site-packages/telebot/__init__.py", line 1073, in __threaded_polling
    polling_thread.raise_exceptions()
  File "/Users/erkosh2001/Downloads/hotel_bot/.venv/lib/python3.9/site-packages/telebot/util.py", line 108, in raise_exceptions
    raise self.exception_info
  File "/Users/erkosh2001/Downloads/hotel_bot/.venv/lib/python3.9/site-packages/telebot/util.py", line 90, in run
    task(*args, **kwargs)
  File "/Users/erkosh2001/Downloads/hotel_bot/.venv/lib/python3.9/site-packages/telebot/__init__.py", line 649, in __retrieve_updates
    updates = self.get_updates(offset=(self.last_update_id + 1),
  File "/Users/erkosh2001/Downloads/hotel_bot/.venv/lib/python3.9/site-packages/telebot/__init__.py", line 623, in get_updates
    json_updates = apihelper.get_updates(self.token, offset, limit, timeout, allowed_updates, long_polling_timeout)
  File "/Users/erkosh2001/Downloads/hotel_bot/.venv/lib/python3.9/site-packages/telebot/apihelper.py", line 321, in get_updates
    return _make_request(token, method_url, params=payload)
  File "/Users/erkosh2001/Downloads/hotel_bot/.venv/lib/python3.9/site-packages/telebot/apihelper.py", line 162, in _make_request
    json_result = _check_result(method_name, result)
  File "/Users/erkosh2001/Downloads/hotel_bot/.venv/lib/python3.9/site-packages/telebot/apihelper.py", line 189, in _check_result
    raise ApiTelegramException(method_name, result, result_json)
telebot.apihelper.ApiTelegramException: A request to the Telegram API was unsuccessful. Error code: 409. Description: Conflict: terminated by other getUpdates request; make sure that only one bot instance is running

2026-05-19 17:36:40,234 - TeleBot - ERROR - Threaded polling exception: A request to the Telegram API was unsuccessful. Error code: 409. Description: Conflict: terminated by other getUpdates request; make sure that only one bot instance is running
2026-05-19 17:36:40,235 - TeleBot - ERROR - Exception traceback:
Traceback (most recent call last):
  File "/Users/erkosh2001/Downloads/hotel_bot/.venv/lib/python3.9/site-packages/telebot/__init__.py", line 1073, in __threaded_polling
    polling_thread.raise_exceptions()
  File "/Users/erkosh2001/Downloads/hotel_bot/.venv/lib/python3.9/site-packages/telebot/util.py", line 108, in raise_exceptions
    raise self.exception_info
  File "/Users/erkosh2001/Downloads/hotel_bot/.venv/lib/python3.9/site-packages/telebot/util.py", line 90, in run
    task(*args, **kwargs)
  File "/Users/erkosh2001/Downloads/hotel_bot/.venv/lib/python3.9/site-packages/telebot/__init__.py", line 649, in __retrieve_updates
    updates = self.get_updates(offset=(self.last_update_id + 1),
  File "/Users/erkosh2001/Downloads/hotel_bot/.venv/lib/python3.9/site-packages/telebot/__init__.py", line 623, in get_updates
    json_updates = apihelper.get_updates(self.token, offset, limit, timeout, allowed_updates, long_polling_timeout)
  File "/Users/erkosh2001/Downloads/hotel_bot/.venv/lib/python3.9/site-packages/telebot/apihelper.py", line 321, in get_updates
    return _make_request(token, method_url, params=payload)
  File "/Users/erkosh2001/Downloads/hotel_bot/.venv/lib/python3.9/site-packages/telebot/apihelper.py", line 162, in _make_request
    json_result = _check_result(method_name, result)
  File "/Users/erkosh2001/Downloads/hotel_bot/.venv/lib/python3.9/site-packages/telebot/apihelper.py", line 189, in _check_result
    raise ApiTelegramException(method_name, result, result_json)
telebot.apihelper.ApiTelegramException: A request to the Telegram API was unsuccessful. Error code: 409. Description: Conflict: terminated by other getUpdates request; make sure that only one bot instance is running

2026-05-19 17:36:45,472 - TeleBot - ERROR - Threaded polling exception: A request to the Telegram API was unsuccessful. Error code: 409. Description: Conflict: terminated by other getUpdates request; make sure that only one bot instance is running
2026-05-19 17:36:45,472 - TeleBot - ERROR - Exception traceback:
Traceback (most recent call last):
  File "/Users/erkosh2001/Downloads/hotel_bot/.venv/lib/python3.9/site-packages/telebot/__init__.py", line 1073, in __threaded_polling
    polling_thread.raise_exceptions()
  File "/Users/erkosh2001/Downloads/hotel_bot/.venv/lib/python3.9/site-packages/telebot/util.py", line 108, in raise_exceptions
    raise self.exception_info
  File "/Users/erkosh2001/Downloads/hotel_bot/.venv/lib/python3.9/site-packages/telebot/util.py", line 90, in run
    task(*args, **kwargs)
  File "/Users/erkosh2001/Downloads/hotel_bot/.venv/lib/python3.9/site-packages/telebot/__init__.py", line 649, in __retrieve_updates
    updates = self.get_updates(offset=(self.last_update_id + 1),
  File "/Users/erkosh2001/Downloads/hotel_bot/.venv/lib/python3.9/site-packages/telebot/__init__.py", line 623, in get_updates
    json_updates = apihelper.get_updates(self.token, offset, limit, timeout, allowed_updates, long_polling_timeout)
  File "/Users/erkosh2001/Downloads/hotel_bot/.venv/lib/python3.9/site-packages/telebot/apihelper.py", line 321, in get_updates
    return _make_request(token, method_url, params=payload)
  File "/Users/erkosh2001/Downloads/hotel_bot/.venv/lib/python3.9/site-packages/telebot/apihelper.py", line 162, in _make_request
    json_result = _check_result(method_name, result)
  File "/Users/erkosh2001/Downloads/hotel_bot/.venv/lib/python3.9/site-packages/telebot/apihelper.py", line 189, in _check_result
    raise ApiTelegramException(method_name, result, result_json)
telebot.apihelper.ApiTelegramException: A request to the Telegram API was unsuccessful. Error code: 409. Description: Conflict: terminated by other getUpdates request; make sure that only one bot instance is running

2026-05-19 17:36:52,726 - TeleBot - ERROR - Threaded polling exception: A request to the Telegram API was unsuccessful. Error code: 409. Description: Conflict: terminated by other getUpdates request; make sure that only one bot instance is running
2026-05-19 17:36:52,727 - TeleBot - ERROR - Exception traceback:
Traceback (most recent call last):
  File "/Users/erkosh2001/Downloads/hotel_bot/.venv/lib/python3.9/site-packages/telebot/__init__.py", line 1073, in __threaded_polling
    polling_thread.raise_exceptions()
  File "/Users/erkosh2001/Downloads/hotel_bot/.venv/lib/python3.9/site-packages/telebot/util.py", line 108, in raise_exceptions
    raise self.exception_info
  File "/Users/erkosh2001/Downloads/hotel_bot/.venv/lib/python3.9/site-packages/telebot/util.py", line 90, in run
    task(*args, **kwargs)
  File "/Users/erkosh2001/Downloads/hotel_bot/.venv/lib/python3.9/site-packages/telebot/__init__.py", line 649, in __retrieve_updates
    updates = self.get_updates(offset=(self.last_update_id + 1),
  File "/Users/erkosh2001/Downloads/hotel_bot/.venv/lib/python3.9/site-packages/telebot/__init__.py", line 623, in get_updates
    json_updates = apihelper.get_updates(self.token, offset, limit, timeout, allowed_updates, long_polling_timeout)
  File "/Users/erkosh2001/Downloads/hotel_bot/.venv/lib/python3.9/site-packages/telebot/apihelper.py", line 321, in get_updates
    return _make_request(token, method_url, params=payload)
  File "/Users/erkosh2001/Downloads/hotel_bot/.venv/lib/python3.9/site-packages/telebot/apihelper.py", line 162, in _make_request
    json_result = _check_result(method_name, result)
  File "/Users/erkosh2001/Downloads/hotel_bot/.venv/lib/python3.9/site-packages/telebot/apihelper.py", line 189, in _check_result
    raise ApiTelegramException(method_name, result, result_json)
telebot.apihelper.ApiTelegramException: A request to the Telegram API was unsuccessful. Error code: 409. Description: Conflict: terminated by other getUpdates request; make sure that only one bot instance is running

2026-05-19 17:37:00,981 - TeleBot - ERROR - Threaded polling exception: A request to the Telegram API was unsuccessful. Error code: 409. Description: Conflict: terminated by other getUpdates request; make sure that only one bot instance is running
2026-05-19 17:37:00,982 - TeleBot - ERROR - Exception traceback:
Traceback (most recent call last):
  File "/Users/erkosh2001/Downloads/hotel_bot/.venv/lib/python3.9/site-packages/telebot/__init__.py", line 1073, in __threaded_polling
    polling_thread.raise_exceptions()
  File "/Users/erkosh2001/Downloads/hotel_bot/.venv/lib/python3.9/site-packages/telebot/util.py", line 108, in raise_exceptions
    raise self.exception_info
  File "/Users/erkosh2001/Downloads/hotel_bot/.venv/lib/python3.9/site-packages/telebot/util.py", line 90, in run
    task(*args, **kwargs)
  File "/Users/erkosh2001/Downloads/hotel_bot/.venv/lib/python3.9/site-packages/telebot/__init__.py", line 649, in __retrieve_updates
    updates = self.get_updates(offset=(self.last_update_id + 1),
  File "/Users/erkosh2001/Downloads/hotel_bot/.venv/lib/python3.9/site-packages/telebot/__init__.py", line 623, in get_updates
    json_updates = apihelper.get_updates(self.token, offset, limit, timeout, allowed_updates, long_polling_timeout)
  File "/Users/erkosh2001/Downloads/hotel_bot/.venv/lib/python3.9/site-packages/telebot/apihelper.py", line 321, in get_updates
    return _make_request(token, method_url, params=payload)
  File "/Users/erkosh2001/Downloads/hotel_bot/.venv/lib/python3.9/site-packages/telebot/apihelper.py", line 162, in _make_request
    json_result = _check_result(method_name, result)
  File "/Users/erkosh2001/Downloads/hotel_bot/.venv/lib/python3.9/site-packages/telebot/apihelper.py", line 189, in _check_result
    raise ApiTelegramException(method_name, result, result_json)
telebot.apihelper.ApiTelegramException: A request to the Telegram API was unsuccessful. Error code: 409. Description: Conflict: terminated by other getUpdates request; make sure that only one bot instance is running

2026-05-19 17:37:17,231 - TeleBot - ERROR - Threaded polling exception: A request to the Telegram API was unsuccessful. Error code: 409. Description: Conflict: terminated by other getUpdates request; make sure that only one bot instance is running
2026-05-19 17:37:17,233 - TeleBot - ERROR - Exception traceback:
Traceback (most recent call last):
  File "/Users/erkosh2001/Downloads/hotel_bot/.venv/lib/python3.9/site-packages/telebot/__init__.py", line 1073, in __threaded_polling
    polling_thread.raise_exceptions()
  File "/Users/erkosh2001/Downloads/hotel_bot/.venv/lib/python3.9/site-packages/telebot/util.py", line 108, in raise_exceptions
    raise self.exception_info
  File "/Users/erkosh2001/Downloads/hotel_bot/.venv/lib/python3.9/site-packages/telebot/util.py", line 90, in run
    task(*args, **kwargs)
  File "/Users/erkosh2001/Downloads/hotel_bot/.venv/lib/python3.9/site-packages/telebot/__init__.py", line 649, in __retrieve_updates
    updates = self.get_updates(offset=(self.last_update_id + 1),
  File "/Users/erkosh2001/Downloads/hotel_bot/.venv/lib/python3.9/site-packages/telebot/__init__.py", line 623, in get_updates
    json_updates = apihelper.get_updates(self.token, offset, limit, timeout, allowed_updates, long_polling_timeout)
  File "/Users/erkosh2001/Downloads/hotel_bot/.venv/lib/python3.9/site-packages/telebot/apihelper.py", line 321, in get_updates
    return _make_request(token, method_url, params=payload)
  File "/Users/erkosh2001/Downloads/hotel_bot/.venv/lib/python3.9/site-packages/telebot/apihelper.py", line 162, in _make_request
    json_result = _check_result(method_name, result)
  File "/Users/erkosh2001/Downloads/hotel_bot/.venv/lib/python3.9/site-packages/telebot/apihelper.py", line 189, in _check_result
    raise ApiTelegramException(method_name, result, result_json)
telebot.apihelper.ApiTelegramException: A request to the Telegram API was unsuccessful. Error code: 409. Description: Conflict: terminated by other getUpdates request; make sure that only one bot instance is running

2026-05-19 17:37:49,508 - TeleBot - ERROR - Threaded polling exception: A request to the Telegram API was unsuccessful. Error code: 409. Description: Conflict: terminated by other getUpdates request; make sure that only one bot instance is running
2026-05-19 17:37:49,510 - TeleBot - ERROR - Exception traceback:
Traceback (most recent call last):
  File "/Users/erkosh2001/Downloads/hotel_bot/.venv/lib/python3.9/site-packages/telebot/__init__.py", line 1073, in __threaded_polling
    polling_thread.raise_exceptions()
  File "/Users/erkosh2001/Downloads/hotel_bot/.venv/lib/python3.9/site-packages/telebot/util.py", line 108, in raise_exceptions
    raise self.exception_info
  File "/Users/erkosh2001/Downloads/hotel_bot/.venv/lib/python3.9/site-packages/telebot/util.py", line 90, in run
    task(*args, **kwargs)
  File "/Users/erkosh2001/Downloads/hotel_bot/.venv/lib/python3.9/site-packages/telebot/__init__.py", line 649, in __retrieve_updates
    updates = self.get_updates(offset=(self.last_update_id + 1),
  File "/Users/erkosh2001/Downloads/hotel_bot/.venv/lib/python3.9/site-packages/telebot/__init__.py", line 623, in get_updates
    json_updates = apihelper.get_updates(self.token, offset, limit, timeout, allowed_updates, long_polling_timeout)
  File "/Users/erkosh2001/Downloads/hotel_bot/.venv/lib/python3.9/site-packages/telebot/apihelper.py", line 321, in get_updates
    return _make_request(token, method_url, params=payload)
  File "/Users/erkosh2001/Downloads/hotel_bot/.venv/lib/python3.9/site-packages/telebot/apihelper.py", line 162, in _make_request
    json_result = _check_result(method_name, result)
  File "/Users/erkosh2001/Downloads/hotel_bot/.venv/lib/python3.9/site-packages/telebot/apihelper.py", line 189, in _check_result
    raise ApiTelegramException(method_name, result, result_json)
telebot.apihelper.ApiTelegramException: A request to the Telegram API was unsuccessful. Error code: 409. Description: Conflict: terminated by other getUpdates request; make sure that only one bot instance is running

2026-05-19 17:38:17,053 - __main__ - INFO - Бот остановлен пользователем.
