2026-05-19 17:36:31,184 - __main__ - INFO - 🏨 Hotel Bot запускается...
2026-05-19 17:36:35,603 - TeleBot - ERROR - Threaded polling exception: A request to the Telegram API was unsuccessful. Error code: 409. Description: Conflict: terminated by other getUpdates request; make sure that only one bot instance is running
2026-05-19 17:36:35,603 - TeleBot - ERROR - Exception traceback:
Traceback (most recent call last):
  File "/Users/erkosh2001/Downloads/hotel_bot/.venv/lib/python3.9/site-packages/telebot/__init__.py", line 1073, in __threaded_polling
    polling_thread.raise_exceptions()
  File "/Users/erkosh2001/Downloads/hotel_bot/.venv/lib/python3.9/site-packages/telebot/util.py", line 108, in raise_exceptions
    raise self.exception_info
  File "/Users/erkosh2001/Downloads/hotel_bot/.venv/lib/python3.9/site-packages/telebot/util.py", line 90, in run
    task(*args, **kwargs)
  File "/Users/erkosh2001/Downloads/hotel_bot/.venv/lib/python3.9/site-packages/telebot/__init__.py", line 649, in __retrieve_updates
    updates = self.get_updates(offset=(self.last_update_id + 1),
  File "/Users/erkosh2001/Downloads/hotel_bot/.venv/lib/python3.9/site-packages/telebot/__init__.py", line 623, in get_updates
    json_updates = apihelper.get_updates(self.token, offset, limit, timeout, allowed_updates, long_polling_timeout)
  File "/Users/erkosh2001/Downloads/hotel_bot/.venv/lib/python3.9/site-packages/telebot/apihelper.py", line 321, in get_updates
    return _make_request(token, method_url, params=payload)
  File "/Users/erkosh2001/Downloads/hotel_bot/.venv/lib/python3.9/site-packages/telebot/apihelper.py", line 162, in _make_request
    json_result = _check_result(method_name, result)
  File "/Users/erkosh2001/Downloads/hotel_bot/.venv/lib/python3.9/site-packages/telebot/apihelper.py", line 189, in _check_result
    raise ApiTelegramException(method_name, result, result_json)
telebot.apihelper.ApiTelegramException: A request to the Telegram API was unsuccessful. Error code: 409. Description: Conflict: terminated by other getUpdates request; make sure that only one bot instance is running

2026-05-19 17:36:39,604 - TeleBot - ERROR - Threaded polling exception: A request to the Telegram API was unsuccessful. Error code: 409. Description: Conflict: terminated by other getUpdates request; make sure that only one bot instance is running
2026-05-19 17:36:39,604 - TeleBot - ERROR - Exception traceback:
Traceback (most recent call last):
  File "/Users/erkosh2001/Downloads/hotel_bot/.venv/lib/python3.9/site-packages/telebot/__init__.py", line 1073, in __threaded_polling
    polling_thread.raise_exceptions()
  File "/Users/erkosh2001/Downloads/hotel_bot/.venv/lib/python3.9/site-packages/telebot/util.py", line 108, in raise_exceptions
    raise self.exception_info
  File "/Users/erkosh2001/Downloads/hotel_bot/.venv/lib/python3.9/site-packages/telebot/util.py", line 90, in run
    task(*args, **kwargs)
  File "/Users/erkosh2001/Downloads/hotel_bot/.venv/lib/python3.9/site-packages/telebot/__init__.py", line 649, in __retrieve_updates
    updates = self.get_updates(offset=(self.last_update_id + 1),
  File "/Users/erkosh2001/Downloads/hotel_bot/.venv/lib/python3.9/site-packages/telebot/__init__.py", line 623, in get_updates
    json_updates = apihelper.get_updates(self.token, offset, limit, timeout, allowed_updates, long_polling_timeout)
  File "/Users/erkosh2001/Downloads/hotel_bot/.venv/lib/python3.9/site-packages/telebot/apihelper.py", line 321, in get_updates
    return _make_request(token, method_url, params=payload)
  File "/Users/erkosh2001/Downloads/hotel_bot/.venv/lib/python3.9/site-packages/telebot/apihelper.py", line 162, in _make_request
    json_result = _check_result(method_name, result)
  File "/Users/erkosh2001/Downloads/hotel_bot/.venv/lib/python3.9/site-packages/telebot/apihelper.py", line 189, in _check_result
    raise ApiTelegramException(method_name, result, result_json)
telebot.apihelper.ApiTelegramException: A request to the Telegram API was unsuccessful. Error code: 409. Description: Conflict: terminated by other getUpdates request; make sure that only one bot instance is running

2026-05-19 17:36:44,350 - TeleBot - ERROR - Threaded polling exception: A request to the Telegram API was unsuccessful. Error code: 409. Description: Conflict: terminated by other getUpdates request; make sure that only one bot instance is running
2026-05-19 17:36:44,351 - TeleBot - ERROR - Exception traceback:
Traceback (most recent call last):
  File "/Users/erkosh2001/Downloads/hotel_bot/.venv/lib/python3.9/site-packages/telebot/__init__.py", line 1073, in __threaded_polling
    polling_thread.raise_exceptions()
  File "/Users/erkosh2001/Downloads/hotel_bot/.venv/lib/python3.9/site-packages/telebot/util.py", line 108, in raise_exceptions
    raise self.exception_info
  File "/Users/erkosh2001/Downloads/hotel_bot/.venv/lib/python3.9/site-packages/telebot/util.py", line 90, in run
    task(*args, **kwargs)
  File "/Users/erkosh2001/Downloads/hotel_bot/.venv/lib/python3.9/site-packages/telebot/__init__.py", line 649, in __retrieve_updates
    updates = self.get_updates(offset=(self.last_update_id + 1),
  File "/Users/erkosh2001/Downloads/hotel_bot/.venv/lib/python3.9/site-packages/telebot/__init__.py", line 623, in get_updates
    json_updates = apihelper.get_updates(self.token, offset, limit, timeout, allowed_updates, long_polling_timeout)
  File "/Users/erkosh2001/Downloads/hotel_bot/.venv/lib/python3.9/site-packages/telebot/apihelper.py", line 321, in get_updates
    return _make_request(token, method_url, params=payload)
  File "/Users/erkosh2001/Downloads/hotel_bot/.venv/lib/python3.9/site-packages/telebot/apihelper.py", line 162, in _make_request
    json_result = _check_result(method_name, result)
  File "/Users/erkosh2001/Downloads/hotel_bot/.venv/lib/python3.9/site-packages/telebot/apihelper.py", line 189, in _check_result
    raise ApiTelegramException(method_name, result, result_json)
telebot.apihelper.ApiTelegramException: A request to the Telegram API was unsuccessful. Error code: 409. Description: Conflict: terminated by other getUpdates request; make sure that only one bot instance is running

2026-05-19 17:36:50,588 - TeleBot - ERROR - Threaded polling exception: A request to the Telegram API was unsuccessful. Error code: 409. Description: Conflict: terminated by other getUpdates request; make sure that only one bot instance is running
2026-05-19 17:36:50,589 - TeleBot - ERROR - Exception traceback:
Traceback (most recent call last):
  File "/Users/erkosh2001/Downloads/hotel_bot/.venv/lib/python3.9/site-packages/telebot/__init__.py", line 1073, in __threaded_polling
    polling_thread.raise_exceptions()
  File "/Users/erkosh2001/Downloads/hotel_bot/.venv/lib/python3.9/site-packages/telebot/util.py", line 108, in raise_exceptions
    raise self.exception_info
  File "/Users/erkosh2001/Downloads/hotel_bot/.venv/lib/python3.9/site-packages/telebot/util.py", line 90, in run
    task(*args, **kwargs)
  File "/Users/erkosh2001/Downloads/hotel_bot/.venv/lib/python3.9/site-packages/telebot/__init__.py", line 649, in __retrieve_updates
    updates = self.get_updates(offset=(self.last_update_id + 1),
  File "/Users/erkosh2001/Downloads/hotel_bot/.venv/lib/python3.9/site-packages/telebot/__init__.py", line 623, in get_updates
    json_updates = apihelper.get_updates(self.token, offset, limit, timeout, allowed_updates, long_polling_timeout)
  File "/Users/erkosh2001/Downloads/hotel_bot/.venv/lib/python3.9/site-packages/telebot/apihelper.py", line 321, in get_updates
    return _make_request(token, method_url, params=payload)
  File "/Users/erkosh2001/Downloads/hotel_bot/.venv/lib/python3.9/site-packages/telebot/apihelper.py", line 162, in _make_request
    json_result = _check_result(method_name, result)
  File "/Users/erkosh2001/Downloads/hotel_bot/.venv/lib/python3.9/site-packages/telebot/apihelper.py", line 189, in _check_result
    raise ApiTelegramException(method_name, result, result_json)
telebot.apihelper.ApiTelegramException: A request to the Telegram API was unsuccessful. Error code: 409. Description: Conflict: terminated by other getUpdates request; make sure that only one bot instance is running

2026-05-19 17:36:56,851 - TeleBot - ERROR - Threaded polling exception: A request to the Telegram API was unsuccessful. Error code: 409. Description: Conflict: terminated by other getUpdates request; make sure that only one bot instance is running
2026-05-19 17:36:56,852 - TeleBot - ERROR - Exception traceback:
Traceback (most recent call last):
  File "/Users/erkosh2001/Downloads/hotel_bot/.venv/lib/python3.9/site-packages/telebot/__init__.py", line 1073, in __threaded_polling
    polling_thread.raise_exceptions()
  File "/Users/erkosh2001/Downloads/hotel_bot/.venv/lib/python3.9/site-packages/telebot/util.py", line 108, in raise_exceptions
    raise self.exception_info
  File "/Users/erkosh2001/Downloads/hotel_bot/.venv/lib/python3.9/site-packages/telebot/util.py", line 90, in run
    task(*args, **kwargs)
  File "/Users/erkosh2001/Downloads/hotel_bot/.venv/lib/python3.9/site-packages/telebot/__init__.py", line 649, in __retrieve_updates
    updates = self.get_updates(offset=(self.last_update_id + 1),
  File "/Users/erkosh2001/Downloads/hotel_bot/.venv/lib/python3.9/site-packages/telebot/__init__.py", line 623, in get_updates
    json_updates = apihelper.get_updates(self.token, offset, limit, timeout, allowed_updates, long_polling_timeout)
  File "/Users/erkosh2001/Downloads/hotel_bot/.venv/lib/python3.9/site-packages/telebot/apihelper.py", line 321, in get_updates
    return _make_request(token, method_url, params=payload)
  File "/Users/erkosh2001/Downloads/hotel_bot/.venv/lib/python3.9/site-packages/telebot/apihelper.py", line 162, in _make_request
    json_result = _check_result(method_name, result)
  File "/Users/erkosh2001/Downloads/hotel_bot/.venv/lib/python3.9/site-packages/telebot/apihelper.py", line 189, in _check_result
    raise ApiTelegramException(method_name, result, result_json)
telebot.apihelper.ApiTelegramException: A request to the Telegram API was unsuccessful. Error code: 409. Description: Conflict: terminated by other getUpdates request; make sure that only one bot instance is running

2026-05-19 17:37:09,108 - TeleBot - ERROR - Threaded polling exception: A request to the Telegram API was unsuccessful. Error code: 409. Description: Conflict: terminated by other getUpdates request; make sure that only one bot instance is running
2026-05-19 17:37:09,110 - TeleBot - ERROR - Exception traceback:
Traceback (most recent call last):
  File "/Users/erkosh2001/Downloads/hotel_bot/.venv/lib/python3.9/site-packages/telebot/__init__.py", line 1073, in __threaded_polling
    polling_thread.raise_exceptions()
  File "/Users/erkosh2001/Downloads/hotel_bot/.venv/lib/python3.9/site-packages/telebot/util.py", line 108, in raise_exceptions
    raise self.exception_info
  File "/Users/erkosh2001/Downloads/hotel_bot/.venv/lib/python3.9/site-packages/telebot/util.py", line 90, in run
    task(*args, **kwargs)
  File "/Users/erkosh2001/Downloads/hotel_bot/.venv/lib/python3.9/site-packages/telebot/__init__.py", line 649, in __retrieve_updates
    updates = self.get_updates(offset=(self.last_update_id + 1),
  File "/Users/erkosh2001/Downloads/hotel_bot/.venv/lib/python3.9/site-packages/telebot/__init__.py", line 623, in get_updates
    json_updates = apihelper.get_updates(self.token, offset, limit, timeout, allowed_updates, long_polling_timeout)
  File "/Users/erkosh2001/Downloads/hotel_bot/.venv/lib/python3.9/site-packages/telebot/apihelper.py", line 321, in get_updates
    return _make_request(token, method_url, params=payload)
  File "/Users/erkosh2001/Downloads/hotel_bot/.venv/lib/python3.9/site-packages/telebot/apihelper.py", line 162, in _make_request
    json_result = _check_result(method_name, result)
  File "/Users/erkosh2001/Downloads/hotel_bot/.venv/lib/python3.9/site-packages/telebot/apihelper.py", line 189, in _check_result
    raise ApiTelegramException(method_name, result, result_json)
telebot.apihelper.ApiTelegramException: A request to the Telegram API was unsuccessful. Error code: 409. Description: Conflict: terminated by other getUpdates request; make sure that only one bot instance is running

2026-05-19 17:37:33,367 - TeleBot - ERROR - Threaded polling exception: A request to the Telegram API was unsuccessful. Error code: 409. Description: Conflict: terminated by other getUpdates request; make sure that only one bot instance is running
2026-05-19 17:37:33,370 - TeleBot - ERROR - Exception traceback:
Traceback (most recent call last):
  File "/Users/erkosh2001/Downloads/hotel_bot/.venv/lib/python3.9/site-packages/telebot/__init__.py", line 1073, in __threaded_polling
    polling_thread.raise_exceptions()
  File "/Users/erkosh2001/Downloads/hotel_bot/.venv/lib/python3.9/site-packages/telebot/util.py", line 108, in raise_exceptions
    raise self.exception_info
  File "/Users/erkosh2001/Downloads/hotel_bot/.venv/lib/python3.9/site-packages/telebot/util.py", line 90, in run
    task(*args, **kwargs)
  File "/Users/erkosh2001/Downloads/hotel_bot/.venv/lib/python3.9/site-packages/telebot/__init__.py", line 649, in __retrieve_updates
    updates = self.get_updates(offset=(self.last_update_id + 1),
  File "/Users/erkosh2001/Downloads/hotel_bot/.venv/lib/python3.9/site-packages/telebot/__init__.py", line 623, in get_updates
    json_updates = apihelper.get_updates(self.token, offset, limit, timeout, allowed_updates, long_polling_timeout)
  File "/Users/erkosh2001/Downloads/hotel_bot/.venv/lib/python3.9/site-packages/telebot/apihelper.py", line 321, in get_updates
    return _make_request(token, method_url, params=payload)
  File "/Users/erkosh2001/Downloads/hotel_bot/.venv/lib/python3.9/site-packages/telebot/apihelper.py", line 162, in _make_request
    json_result = _check_result(method_name, result)
  File "/Users/erkosh2001/Downloads/hotel_bot/.venv/lib/python3.9/site-packages/telebot/apihelper.py", line 189, in _check_result
    raise ApiTelegramException(method_name, result, result_json)
telebot.apihelper.ApiTelegramException: A request to the Telegram API was unsuccessful. Error code: 409. Description: Conflict: terminated by other getUpdates request; make sure that only one bot instance is running

2026-05-19 17:38:30,751 - TeleBot - ERROR - Infinity polling: polling exited
2026-05-19 17:38:30,751 - TeleBot - ERROR - Break infinity polling
2026-05-19 17:38:32,655 - __main__ - INFO - 🏨 Hotel Bot запускается...
2026-05-19 17:42:08,689 - __main__ - INFO - Новое бронирование: пользователь 6437715355, отель The Ritz-Carlton Almaty
2026-05-19 17:42:15,119 - __main__ - INFO - Пользователь 6437715355 отменил бронирование 5
2026-05-19 17:44:23,628 - __main__ - INFO - Новое бронирование: пользователь 6437715355, отель Renaissance Aktau
2026-05-19 18:01:39,844 - TeleBot - ERROR - Infinity polling: polling exited
2026-05-19 18:01:39,846 - TeleBot - ERROR - Break infinity polling
2026-05-19 18:01:41,431 - __main__ - INFO - 🏨 Hotel Bot запускается...
2026-05-19 18:40:19,633 - TeleBot - ERROR - Infinity polling exception: HTTPSConnectionPool(host='api.telegram.org', port=443): Read timed out. (read timeout=60)
2026-05-19 18:40:19,634 - TeleBot - ERROR - Exception traceback:
Traceback (most recent call last):
  File "/Users/erkosh2001/Downloads/hotel_bot/.venv/lib/python3.9/site-packages/urllib3/connectionpool.py", line 534, in _make_request
    response = conn.getresponse()
  File "/Users/erkosh2001/Downloads/hotel_bot/.venv/lib/python3.9/site-packages/urllib3/connection.py", line 571, in getresponse
    httplib_response = super().getresponse()
  File "/Applications/Xcode.app/Contents/Developer/Library/Frameworks/Python3.framework/Versions/3.9/lib/python3.9/http/client.py", line 1349, in getresponse
    response.begin()
  File "/Applications/Xcode.app/Contents/Developer/Library/Frameworks/Python3.framework/Versions/3.9/lib/python3.9/http/client.py", line 316, in begin
    version, status, reason = self._read_status()
  File "/Applications/Xcode.app/Contents/Developer/Library/Frameworks/Python3.framework/Versions/3.9/lib/python3.9/http/client.py", line 277, in _read_status
    line = str(self.fp.readline(_MAXLINE + 1), "iso-8859-1")
  File "/Applications/Xcode.app/Contents/Developer/Library/Frameworks/Python3.framework/Versions/3.9/lib/python3.9/socket.py", line 704, in readinto
    return self._sock.recv_into(b)
  File "/Applications/Xcode.app/Contents/Developer/Library/Frameworks/Python3.framework/Versions/3.9/lib/python3.9/ssl.py", line 1241, in recv_into
    return self.read(nbytes, buffer)
  File "/Applications/Xcode.app/Contents/Developer/Library/Frameworks/Python3.framework/Versions/3.9/lib/python3.9/ssl.py", line 1099, in read
    return self._sslobj.read(len, buffer)
socket.timeout: The read operation timed out

The above exception was the direct cause of the following exception:

Traceback (most recent call last):
  File "/Users/erkosh2001/Downloads/hotel_bot/.venv/lib/python3.9/site-packages/requests/adapters.py", line 644, in send
    resp = conn.urlopen(
  File "/Users/erkosh2001/Downloads/hotel_bot/.venv/lib/python3.9/site-packages/urllib3/connectionpool.py", line 841, in urlopen
    retries = retries.increment(
  File "/Users/erkosh2001/Downloads/hotel_bot/.venv/lib/python3.9/site-packages/urllib3/util/retry.py", line 490, in increment
    raise reraise(type(error), error, _stacktrace)
  File "/Users/erkosh2001/Downloads/hotel_bot/.venv/lib/python3.9/site-packages/urllib3/util/util.py", line 39, in reraise
    raise value
  File "/Users/erkosh2001/Downloads/hotel_bot/.venv/lib/python3.9/site-packages/urllib3/connectionpool.py", line 787, in urlopen
    response = self._make_request(
  File "/Users/erkosh2001/Downloads/hotel_bot/.venv/lib/python3.9/site-packages/urllib3/connectionpool.py", line 536, in _make_request
    self._raise_timeout(err=e, url=url, timeout_value=read_timeout)
  File "/Users/erkosh2001/Downloads/hotel_bot/.venv/lib/python3.9/site-packages/urllib3/connectionpool.py", line 367, in _raise_timeout
    raise ReadTimeoutError(
urllib3.exceptions.ReadTimeoutError: HTTPSConnectionPool(host='api.telegram.org', port=443): Read timed out. (read timeout=60)

During handling of the above exception, another exception occurred:

Traceback (most recent call last):
  File "/Users/erkosh2001/Downloads/hotel_bot/.venv/lib/python3.9/site-packages/telebot/__init__.py", line 955, in infinity_polling
    self.polling(non_stop=True, timeout=timeout, long_polling_timeout=long_polling_timeout,
  File "/Users/erkosh2001/Downloads/hotel_bot/.venv/lib/python3.9/site-packages/telebot/__init__.py", line 1043, in polling
    self.__threaded_polling(non_stop=non_stop, interval=interval, timeout=timeout, long_polling_timeout=long_polling_timeout,
  File "/Users/erkosh2001/Downloads/hotel_bot/.venv/lib/python3.9/site-packages/telebot/__init__.py", line 1118, in __threaded_polling
    raise e
  File "/Users/erkosh2001/Downloads/hotel_bot/.venv/lib/python3.9/site-packages/telebot/__init__.py", line 1073, in __threaded_polling
    polling_thread.raise_exceptions()
  File "/Users/erkosh2001/Downloads/hotel_bot/.venv/lib/python3.9/site-packages/telebot/util.py", line 108, in raise_exceptions
    raise self.exception_info
  File "/Users/erkosh2001/Downloads/hotel_bot/.venv/lib/python3.9/site-packages/telebot/util.py", line 90, in run
    task(*args, **kwargs)
  File "/Users/erkosh2001/Downloads/hotel_bot/.venv/lib/python3.9/site-packages/telebot/__init__.py", line 649, in __retrieve_updates
    updates = self.get_updates(offset=(self.last_update_id + 1),
  File "/Users/erkosh2001/Downloads/hotel_bot/.venv/lib/python3.9/site-packages/telebot/__init__.py", line 623, in get_updates
    json_updates = apihelper.get_updates(self.token, offset, limit, timeout, allowed_updates, long_polling_timeout)
  File "/Users/erkosh2001/Downloads/hotel_bot/.venv/lib/python3.9/site-packages/telebot/apihelper.py", line 321, in get_updates
    return _make_request(token, method_url, params=payload)
  File "/Users/erkosh2001/Downloads/hotel_bot/.venv/lib/python3.9/site-packages/telebot/apihelper.py", line 156, in _make_request
    result = _get_req_session().request(
  File "/Users/erkosh2001/Downloads/hotel_bot/.venv/lib/python3.9/site-packages/requests/sessions.py", line 589, in request
    resp = self.send(prep, **send_kwargs)
  File "/Users/erkosh2001/Downloads/hotel_bot/.venv/lib/python3.9/site-packages/requests/sessions.py", line 703, in send
    r = adapter.send(request, **kwargs)
  File "/Users/erkosh2001/Downloads/hotel_bot/.venv/lib/python3.9/site-packages/requests/adapters.py", line 690, in send
    raise ReadTimeout(e, request=request)
requests.exceptions.ReadTimeout: HTTPSConnectionPool(host='api.telegram.org', port=443): Read timed out. (read timeout=60)

2026-05-19 19:22:18,826 - TeleBot - ERROR - Infinity polling exception: HTTPSConnectionPool(host='api.telegram.org', port=443): Read timed out. (read timeout=60)
2026-05-19 19:22:18,829 - TeleBot - ERROR - Exception traceback:
Traceback (most recent call last):
  File "/Users/erkosh2001/Downloads/hotel_bot/.venv/lib/python3.9/site-packages/urllib3/connectionpool.py", line 534, in _make_request
    response = conn.getresponse()
  File "/Users/erkosh2001/Downloads/hotel_bot/.venv/lib/python3.9/site-packages/urllib3/connection.py", line 571, in getresponse
    httplib_response = super().getresponse()
  File "/Applications/Xcode.app/Contents/Developer/Library/Frameworks/Python3.framework/Versions/3.9/lib/python3.9/http/client.py", line 1349, in getresponse
    response.begin()
  File "/Applications/Xcode.app/Contents/Developer/Library/Frameworks/Python3.framework/Versions/3.9/lib/python3.9/http/client.py", line 316, in begin
    version, status, reason = self._read_status()
  File "/Applications/Xcode.app/Contents/Developer/Library/Frameworks/Python3.framework/Versions/3.9/lib/python3.9/http/client.py", line 277, in _read_status
    line = str(self.fp.readline(_MAXLINE + 1), "iso-8859-1")
  File "/Applications/Xcode.app/Contents/Developer/Library/Frameworks/Python3.framework/Versions/3.9/lib/python3.9/socket.py", line 704, in readinto
    return self._sock.recv_into(b)
  File "/Applications/Xcode.app/Contents/Developer/Library/Frameworks/Python3.framework/Versions/3.9/lib/python3.9/ssl.py", line 1241, in recv_into
    return self.read(nbytes, buffer)
  File "/Applications/Xcode.app/Contents/Developer/Library/Frameworks/Python3.framework/Versions/3.9/lib/python3.9/ssl.py", line 1099, in read
    return self._sslobj.read(len, buffer)
socket.timeout: The read operation timed out

The above exception was the direct cause of the following exception:

Traceback (most recent call last):
  File "/Users/erkosh2001/Downloads/hotel_bot/.venv/lib/python3.9/site-packages/requests/adapters.py", line 644, in send
    resp = conn.urlopen(
  File "/Users/erkosh2001/Downloads/hotel_bot/.venv/lib/python3.9/site-packages/urllib3/connectionpool.py", line 841, in urlopen
    retries = retries.increment(
  File "/Users/erkosh2001/Downloads/hotel_bot/.venv/lib/python3.9/site-packages/urllib3/util/retry.py", line 490, in increment
    raise reraise(type(error), error, _stacktrace)
  File "/Users/erkosh2001/Downloads/hotel_bot/.venv/lib/python3.9/site-packages/urllib3/util/util.py", line 39, in reraise
    raise value
  File "/Users/erkosh2001/Downloads/hotel_bot/.venv/lib/python3.9/site-packages/urllib3/connectionpool.py", line 787, in urlopen
    response = self._make_request(
  File "/Users/erkosh2001/Downloads/hotel_bot/.venv/lib/python3.9/site-packages/urllib3/connectionpool.py", line 536, in _make_request
    self._raise_timeout(err=e, url=url, timeout_value=read_timeout)
  File "/Users/erkosh2001/Downloads/hotel_bot/.venv/lib/python3.9/site-packages/urllib3/connectionpool.py", line 367, in _raise_timeout
    raise ReadTimeoutError(
urllib3.exceptions.ReadTimeoutError: HTTPSConnectionPool(host='api.telegram.org', port=443): Read timed out. (read timeout=60)

During handling of the above exception, another exception occurred:

Traceback (most recent call last):
  File "/Users/erkosh2001/Downloads/hotel_bot/.venv/lib/python3.9/site-packages/telebot/__init__.py", line 955, in infinity_polling
    self.polling(non_stop=True, timeout=timeout, long_polling_timeout=long_polling_timeout,
  File "/Users/erkosh2001/Downloads/hotel_bot/.venv/lib/python3.9/site-packages/telebot/__init__.py", line 1043, in polling
    self.__threaded_polling(non_stop=non_stop, interval=interval, timeout=timeout, long_polling_timeout=long_polling_timeout,
  File "/Users/erkosh2001/Downloads/hotel_bot/.venv/lib/python3.9/site-packages/telebot/__init__.py", line 1118, in __threaded_polling
    raise e
  File "/Users/erkosh2001/Downloads/hotel_bot/.venv/lib/python3.9/site-packages/telebot/__init__.py", line 1073, in __threaded_polling
    polling_thread.raise_exceptions()
  File "/Users/erkosh2001/Downloads/hotel_bot/.venv/lib/python3.9/site-packages/telebot/util.py", line 108, in raise_exceptions
    raise self.exception_info
  File "/Users/erkosh2001/Downloads/hotel_bot/.venv/lib/python3.9/site-packages/telebot/util.py", line 90, in run
    task(*args, **kwargs)
  File "/Users/erkosh2001/Downloads/hotel_bot/.venv/lib/python3.9/site-packages/telebot/__init__.py", line 649, in __retrieve_updates
    updates = self.get_updates(offset=(self.last_update_id + 1),
  File "/Users/erkosh2001/Downloads/hotel_bot/.venv/lib/python3.9/site-packages/telebot/__init__.py", line 623, in get_updates
    json_updates = apihelper.get_updates(self.token, offset, limit, timeout, allowed_updates, long_polling_timeout)
  File "/Users/erkosh2001/Downloads/hotel_bot/.venv/lib/python3.9/site-packages/telebot/apihelper.py", line 321, in get_updates
    return _make_request(token, method_url, params=payload)
  File "/Users/erkosh2001/Downloads/hotel_bot/.venv/lib/python3.9/site-packages/telebot/apihelper.py", line 156, in _make_request
    result = _get_req_session().request(
  File "/Users/erkosh2001/Downloads/hotel_bot/.venv/lib/python3.9/site-packages/requests/sessions.py", line 589, in request
    resp = self.send(prep, **send_kwargs)
  File "/Users/erkosh2001/Downloads/hotel_bot/.venv/lib/python3.9/site-packages/requests/sessions.py", line 703, in send
    r = adapter.send(request, **kwargs)
  File "/Users/erkosh2001/Downloads/hotel_bot/.venv/lib/python3.9/site-packages/requests/adapters.py", line 690, in send
    raise ReadTimeout(e, request=request)
requests.exceptions.ReadTimeout: HTTPSConnectionPool(host='api.telegram.org', port=443): Read timed out. (read timeout=60)

2026-05-19 19:31:33,089 - TeleBot - ERROR - Infinity polling exception: HTTPSConnectionPool(host='api.telegram.org', port=443): Read timed out. (read timeout=60)
2026-05-19 19:31:33,091 - TeleBot - ERROR - Exception traceback:
Traceback (most recent call last):
  File "/Users/erkosh2001/Downloads/hotel_bot/.venv/lib/python3.9/site-packages/urllib3/connectionpool.py", line 534, in _make_request
    response = conn.getresponse()
  File "/Users/erkosh2001/Downloads/hotel_bot/.venv/lib/python3.9/site-packages/urllib3/connection.py", line 571, in getresponse
    httplib_response = super().getresponse()
  File "/Applications/Xcode.app/Contents/Developer/Library/Frameworks/Python3.framework/Versions/3.9/lib/python3.9/http/client.py", line 1349, in getresponse
    response.begin()
  File "/Applications/Xcode.app/Contents/Developer/Library/Frameworks/Python3.framework/Versions/3.9/lib/python3.9/http/client.py", line 316, in begin
    version, status, reason = self._read_status()
  File "/Applications/Xcode.app/Contents/Developer/Library/Frameworks/Python3.framework/Versions/3.9/lib/python3.9/http/client.py", line 277, in _read_status
    line = str(self.fp.readline(_MAXLINE + 1), "iso-8859-1")
  File "/Applications/Xcode.app/Contents/Developer/Library/Frameworks/Python3.framework/Versions/3.9/lib/python3.9/socket.py", line 704, in readinto
    return self._sock.recv_into(b)
  File "/Applications/Xcode.app/Contents/Developer/Library/Frameworks/Python3.framework/Versions/3.9/lib/python3.9/ssl.py", line 1241, in recv_into
    return self.read(nbytes, buffer)
  File "/Applications/Xcode.app/Contents/Developer/Library/Frameworks/Python3.framework/Versions/3.9/lib/python3.9/ssl.py", line 1099, in read
    return self._sslobj.read(len, buffer)
socket.timeout: The read operation timed out

The above exception was the direct cause of the following exception:

Traceback (most recent call last):
  File "/Users/erkosh2001/Downloads/hotel_bot/.venv/lib/python3.9/site-packages/requests/adapters.py", line 644, in send
    resp = conn.urlopen(
  File "/Users/erkosh2001/Downloads/hotel_bot/.venv/lib/python3.9/site-packages/urllib3/connectionpool.py", line 841, in urlopen
    retries = retries.increment(
  File "/Users/erkosh2001/Downloads/hotel_bot/.venv/lib/python3.9/site-packages/urllib3/util/retry.py", line 490, in increment
    raise reraise(type(error), error, _stacktrace)
  File "/Users/erkosh2001/Downloads/hotel_bot/.venv/lib/python3.9/site-packages/urllib3/util/util.py", line 39, in reraise
    raise value
  File "/Users/erkosh2001/Downloads/hotel_bot/.venv/lib/python3.9/site-packages/urllib3/connectionpool.py", line 787, in urlopen
    response = self._make_request(
  File "/Users/erkosh2001/Downloads/hotel_bot/.venv/lib/python3.9/site-packages/urllib3/connectionpool.py", line 536, in _make_request
    self._raise_timeout(err=e, url=url, timeout_value=read_timeout)
  File "/Users/erkosh2001/Downloads/hotel_bot/.venv/lib/python3.9/site-packages/urllib3/connectionpool.py", line 367, in _raise_timeout
    raise ReadTimeoutError(
urllib3.exceptions.ReadTimeoutError: HTTPSConnectionPool(host='api.telegram.org', port=443): Read timed out. (read timeout=60)

During handling of the above exception, another exception occurred:

Traceback (most recent call last):
  File "/Users/erkosh2001/Downloads/hotel_bot/.venv/lib/python3.9/site-packages/telebot/__init__.py", line 955, in infinity_polling
    self.polling(non_stop=True, timeout=timeout, long_polling_timeout=long_polling_timeout,
  File "/Users/erkosh2001/Downloads/hotel_bot/.venv/lib/python3.9/site-packages/telebot/__init__.py", line 1043, in polling
    self.__threaded_polling(non_stop=non_stop, interval=interval, timeout=timeout, long_polling_timeout=long_polling_timeout,
  File "/Users/erkosh2001/Downloads/hotel_bot/.venv/lib/python3.9/site-packages/telebot/__init__.py", line 1118, in __threaded_polling
    raise e
  File "/Users/erkosh2001/Downloads/hotel_bot/.venv/lib/python3.9/site-packages/telebot/__init__.py", line 1073, in __threaded_polling
    polling_thread.raise_exceptions()
  File "/Users/erkosh2001/Downloads/hotel_bot/.venv/lib/python3.9/site-packages/telebot/util.py", line 108, in raise_exceptions
    raise self.exception_info
  File "/Users/erkosh2001/Downloads/hotel_bot/.venv/lib/python3.9/site-packages/telebot/util.py", line 90, in run
    task(*args, **kwargs)
  File "/Users/erkosh2001/Downloads/hotel_bot/.venv/lib/python3.9/site-packages/telebot/__init__.py", line 649, in __retrieve_updates
    updates = self.get_updates(offset=(self.last_update_id + 1),
  File "/Users/erkosh2001/Downloads/hotel_bot/.venv/lib/python3.9/site-packages/telebot/__init__.py", line 623, in get_updates
    json_updates = apihelper.get_updates(self.token, offset, limit, timeout, allowed_updates, long_polling_timeout)
  File "/Users/erkosh2001/Downloads/hotel_bot/.venv/lib/python3.9/site-packages/telebot/apihelper.py", line 321, in get_updates
    return _make_request(token, method_url, params=payload)
  File "/Users/erkosh2001/Downloads/hotel_bot/.venv/lib/python3.9/site-packages/telebot/apihelper.py", line 156, in _make_request
    result = _get_req_session().request(
  File "/Users/erkosh2001/Downloads/hotel_bot/.venv/lib/python3.9/site-packages/requests/sessions.py", line 589, in request
    resp = self.send(prep, **send_kwargs)
  File "/Users/erkosh2001/Downloads/hotel_bot/.venv/lib/python3.9/site-packages/requests/sessions.py", line 703, in send
    r = adapter.send(request, **kwargs)
  File "/Users/erkosh2001/Downloads/hotel_bot/.venv/lib/python3.9/site-packages/requests/adapters.py", line 690, in send
    raise ReadTimeout(e, request=request)
requests.exceptions.ReadTimeout: HTTPSConnectionPool(host='api.telegram.org', port=443): Read timed out. (read timeout=60)

2026-05-19 19:36:25,992 - TeleBot - ERROR - Infinity polling exception: HTTPSConnectionPool(host='api.telegram.org', port=443): Read timed out. (read timeout=60)
2026-05-19 19:36:25,995 - TeleBot - ERROR - Exception traceback:
Traceback (most recent call last):
  File "/Users/erkosh2001/Downloads/hotel_bot/.venv/lib/python3.9/site-packages/urllib3/connectionpool.py", line 534, in _make_request
    response = conn.getresponse()
  File "/Users/erkosh2001/Downloads/hotel_bot/.venv/lib/python3.9/site-packages/urllib3/connection.py", line 571, in getresponse
    httplib_response = super().getresponse()
  File "/Applications/Xcode.app/Contents/Developer/Library/Frameworks/Python3.framework/Versions/3.9/lib/python3.9/http/client.py", line 1349, in getresponse
    response.begin()
  File "/Applications/Xcode.app/Contents/Developer/Library/Frameworks/Python3.framework/Versions/3.9/lib/python3.9/http/client.py", line 316, in begin
    version, status, reason = self._read_status()
  File "/Applications/Xcode.app/Contents/Developer/Library/Frameworks/Python3.framework/Versions/3.9/lib/python3.9/http/client.py", line 277, in _read_status
    line = str(self.fp.readline(_MAXLINE + 1), "iso-8859-1")
  File "/Applications/Xcode.app/Contents/Developer/Library/Frameworks/Python3.framework/Versions/3.9/lib/python3.9/socket.py", line 704, in readinto
    return self._sock.recv_into(b)
  File "/Applications/Xcode.app/Contents/Developer/Library/Frameworks/Python3.framework/Versions/3.9/lib/python3.9/ssl.py", line 1241, in recv_into
    return self.read(nbytes, buffer)
  File "/Applications/Xcode.app/Contents/Developer/Library/Frameworks/Python3.framework/Versions/3.9/lib/python3.9/ssl.py", line 1099, in read
    return self._sslobj.read(len, buffer)
socket.timeout: The read operation timed out

The above exception was the direct cause of the following exception:

Traceback (most recent call last):
  File "/Users/erkosh2001/Downloads/hotel_bot/.venv/lib/python3.9/site-packages/requests/adapters.py", line 644, in send
    resp = conn.urlopen(
  File "/Users/erkosh2001/Downloads/hotel_bot/.venv/lib/python3.9/site-packages/urllib3/connectionpool.py", line 841, in urlopen
    retries = retries.increment(
  File "/Users/erkosh2001/Downloads/hotel_bot/.venv/lib/python3.9/site-packages/urllib3/util/retry.py", line 490, in increment
    raise reraise(type(error), error, _stacktrace)
  File "/Users/erkosh2001/Downloads/hotel_bot/.venv/lib/python3.9/site-packages/urllib3/util/util.py", line 39, in reraise
    raise value
  File "/Users/erkosh2001/Downloads/hotel_bot/.venv/lib/python3.9/site-packages/urllib3/connectionpool.py", line 787, in urlopen
    response = self._make_request(
  File "/Users/erkosh2001/Downloads/hotel_bot/.venv/lib/python3.9/site-packages/urllib3/connectionpool.py", line 536, in _make_request
    self._raise_timeout(err=e, url=url, timeout_value=read_timeout)
  File "/Users/erkosh2001/Downloads/hotel_bot/.venv/lib/python3.9/site-packages/urllib3/connectionpool.py", line 367, in _raise_timeout
    raise ReadTimeoutError(
urllib3.exceptions.ReadTimeoutError: HTTPSConnectionPool(host='api.telegram.org', port=443): Read timed out. (read timeout=60)

During handling of the above exception, another exception occurred:

Traceback (most recent call last):
  File "/Users/erkosh2001/Downloads/hotel_bot/.venv/lib/python3.9/site-packages/telebot/__init__.py", line 955, in infinity_polling
    self.polling(non_stop=True, timeout=timeout, long_polling_timeout=long_polling_timeout,
  File "/Users/erkosh2001/Downloads/hotel_bot/.venv/lib/python3.9/site-packages/telebot/__init__.py", line 1043, in polling
    self.__threaded_polling(non_stop=non_stop, interval=interval, timeout=timeout, long_polling_timeout=long_polling_timeout,
  File "/Users/erkosh2001/Downloads/hotel_bot/.venv/lib/python3.9/site-packages/telebot/__init__.py", line 1118, in __threaded_polling
    raise e
  File "/Users/erkosh2001/Downloads/hotel_bot/.venv/lib/python3.9/site-packages/telebot/__init__.py", line 1073, in __threaded_polling
    polling_thread.raise_exceptions()
  File "/Users/erkosh2001/Downloads/hotel_bot/.venv/lib/python3.9/site-packages/telebot/util.py", line 108, in raise_exceptions
    raise self.exception_info
  File "/Users/erkosh2001/Downloads/hotel_bot/.venv/lib/python3.9/site-packages/telebot/util.py", line 90, in run
    task(*args, **kwargs)
  File "/Users/erkosh2001/Downloads/hotel_bot/.venv/lib/python3.9/site-packages/telebot/__init__.py", line 649, in __retrieve_updates
    updates = self.get_updates(offset=(self.last_update_id + 1),
  File "/Users/erkosh2001/Downloads/hotel_bot/.venv/lib/python3.9/site-packages/telebot/__init__.py", line 623, in get_updates
    json_updates = apihelper.get_updates(self.token, offset, limit, timeout, allowed_updates, long_polling_timeout)
  File "/Users/erkosh2001/Downloads/hotel_bot/.venv/lib/python3.9/site-packages/telebot/apihelper.py", line 321, in get_updates
    return _make_request(token, method_url, params=payload)
  File "/Users/erkosh2001/Downloads/hotel_bot/.venv/lib/python3.9/site-packages/telebot/apihelper.py", line 156, in _make_request
    result = _get_req_session().request(
  File "/Users/erkosh2001/Downloads/hotel_bot/.venv/lib/python3.9/site-packages/requests/sessions.py", line 589, in request
    resp = self.send(prep, **send_kwargs)
  File "/Users/erkosh2001/Downloads/hotel_bot/.venv/lib/python3.9/site-packages/requests/sessions.py", line 703, in send
    r = adapter.send(request, **kwargs)
  File "/Users/erkosh2001/Downloads/hotel_bot/.venv/lib/python3.9/site-packages/requests/adapters.py", line 690, in send
    raise ReadTimeout(e, request=request)
requests.exceptions.ReadTimeout: HTTPSConnectionPool(host='api.telegram.org', port=443): Read timed out. (read timeout=60)

2026-05-19 20:08:20,947 - TeleBot - ERROR - Infinity polling exception: HTTPSConnectionPool(host='api.telegram.org', port=443): Read timed out. (read timeout=60)
2026-05-19 20:08:20,950 - TeleBot - ERROR - Exception traceback:
Traceback (most recent call last):
  File "/Users/erkosh2001/Downloads/hotel_bot/.venv/lib/python3.9/site-packages/urllib3/connectionpool.py", line 534, in _make_request
    response = conn.getresponse()
  File "/Users/erkosh2001/Downloads/hotel_bot/.venv/lib/python3.9/site-packages/urllib3/connection.py", line 571, in getresponse
    httplib_response = super().getresponse()
  File "/Applications/Xcode.app/Contents/Developer/Library/Frameworks/Python3.framework/Versions/3.9/lib/python3.9/http/client.py", line 1349, in getresponse
    response.begin()
  File "/Applications/Xcode.app/Contents/Developer/Library/Frameworks/Python3.framework/Versions/3.9/lib/python3.9/http/client.py", line 316, in begin
    version, status, reason = self._read_status()
  File "/Applications/Xcode.app/Contents/Developer/Library/Frameworks/Python3.framework/Versions/3.9/lib/python3.9/http/client.py", line 277, in _read_status
    line = str(self.fp.readline(_MAXLINE + 1), "iso-8859-1")
  File "/Applications/Xcode.app/Contents/Developer/Library/Frameworks/Python3.framework/Versions/3.9/lib/python3.9/socket.py", line 704, in readinto
    return self._sock.recv_into(b)
  File "/Applications/Xcode.app/Contents/Developer/Library/Frameworks/Python3.framework/Versions/3.9/lib/python3.9/ssl.py", line 1241, in recv_into
    return self.read(nbytes, buffer)
  File "/Applications/Xcode.app/Contents/Developer/Library/Frameworks/Python3.framework/Versions/3.9/lib/python3.9/ssl.py", line 1099, in read
    return self._sslobj.read(len, buffer)
socket.timeout: The read operation timed out

The above exception was the direct cause of the following exception:

Traceback (most recent call last):
  File "/Users/erkosh2001/Downloads/hotel_bot/.venv/lib/python3.9/site-packages/requests/adapters.py", line 644, in send
    resp = conn.urlopen(
  File "/Users/erkosh2001/Downloads/hotel_bot/.venv/lib/python3.9/site-packages/urllib3/connectionpool.py", line 841, in urlopen
    retries = retries.increment(
  File "/Users/erkosh2001/Downloads/hotel_bot/.venv/lib/python3.9/site-packages/urllib3/util/retry.py", line 490, in increment
    raise reraise(type(error), error, _stacktrace)
  File "/Users/erkosh2001/Downloads/hotel_bot/.venv/lib/python3.9/site-packages/urllib3/util/util.py", line 39, in reraise
    raise value
  File "/Users/erkosh2001/Downloads/hotel_bot/.venv/lib/python3.9/site-packages/urllib3/connectionpool.py", line 787, in urlopen
    response = self._make_request(
  File "/Users/erkosh2001/Downloads/hotel_bot/.venv/lib/python3.9/site-packages/urllib3/connectionpool.py", line 536, in _make_request
    self._raise_timeout(err=e, url=url, timeout_value=read_timeout)
  File "/Users/erkosh2001/Downloads/hotel_bot/.venv/lib/python3.9/site-packages/urllib3/connectionpool.py", line 367, in _raise_timeout
    raise ReadTimeoutError(
urllib3.exceptions.ReadTimeoutError: HTTPSConnectionPool(host='api.telegram.org', port=443): Read timed out. (read timeout=60)

During handling of the above exception, another exception occurred:

Traceback (most recent call last):
  File "/Users/erkosh2001/Downloads/hotel_bot/.venv/lib/python3.9/site-packages/telebot/__init__.py", line 955, in infinity_polling
    self.polling(non_stop=True, timeout=timeout, long_polling_timeout=long_polling_timeout,
  File "/Users/erkosh2001/Downloads/hotel_bot/.venv/lib/python3.9/site-packages/telebot/__init__.py", line 1043, in polling
    self.__threaded_polling(non_stop=non_stop, interval=interval, timeout=timeout, long_polling_timeout=long_polling_timeout,
  File "/Users/erkosh2001/Downloads/hotel_bot/.venv/lib/python3.9/site-packages/telebot/__init__.py", line 1118, in __threaded_polling
    raise e
  File "/Users/erkosh2001/Downloads/hotel_bot/.venv/lib/python3.9/site-packages/telebot/__init__.py", line 1073, in __threaded_polling
    polling_thread.raise_exceptions()
  File "/Users/erkosh2001/Downloads/hotel_bot/.venv/lib/python3.9/site-packages/telebot/util.py", line 108, in raise_exceptions
    raise self.exception_info
  File "/Users/erkosh2001/Downloads/hotel_bot/.venv/lib/python3.9/site-packages/telebot/util.py", line 90, in run
    task(*args, **kwargs)
  File "/Users/erkosh2001/Downloads/hotel_bot/.venv/lib/python3.9/site-packages/telebot/__init__.py", line 649, in __retrieve_updates
    updates = self.get_updates(offset=(self.last_update_id + 1),
  File "/Users/erkosh2001/Downloads/hotel_bot/.venv/lib/python3.9/site-packages/telebot/__init__.py", line 623, in get_updates
    json_updates = apihelper.get_updates(self.token, offset, limit, timeout, allowed_updates, long_polling_timeout)
  File "/Users/erkosh2001/Downloads/hotel_bot/.venv/lib/python3.9/site-packages/telebot/apihelper.py", line 321, in get_updates
    return _make_request(token, method_url, params=payload)
  File "/Users/erkosh2001/Downloads/hotel_bot/.venv/lib/python3.9/site-packages/telebot/apihelper.py", line 156, in _make_request
    result = _get_req_session().request(
  File "/Users/erkosh2001/Downloads/hotel_bot/.venv/lib/python3.9/site-packages/requests/sessions.py", line 589, in request
    resp = self.send(prep, **send_kwargs)
  File "/Users/erkosh2001/Downloads/hotel_bot/.venv/lib/python3.9/site-packages/requests/sessions.py", line 703, in send
    r = adapter.send(request, **kwargs)
  File "/Users/erkosh2001/Downloads/hotel_bot/.venv/lib/python3.9/site-packages/requests/adapters.py", line 690, in send
    raise ReadTimeout(e, request=request)
requests.exceptions.ReadTimeout: HTTPSConnectionPool(host='api.telegram.org', port=443): Read timed out. (read timeout=60)

2026-05-19 20:25:20,274 - TeleBot - ERROR - Infinity polling exception: HTTPSConnectionPool(host='api.telegram.org', port=443): Read timed out. (read timeout=60)
2026-05-19 20:25:20,276 - TeleBot - ERROR - Exception traceback:
Traceback (most recent call last):
  File "/Users/erkosh2001/Downloads/hotel_bot/.venv/lib/python3.9/site-packages/urllib3/connectionpool.py", line 534, in _make_request
    response = conn.getresponse()
  File "/Users/erkosh2001/Downloads/hotel_bot/.venv/lib/python3.9/site-packages/urllib3/connection.py", line 571, in getresponse
    httplib_response = super().getresponse()
  File "/Applications/Xcode.app/Contents/Developer/Library/Frameworks/Python3.framework/Versions/3.9/lib/python3.9/http/client.py", line 1349, in getresponse
    response.begin()
  File "/Applications/Xcode.app/Contents/Developer/Library/Frameworks/Python3.framework/Versions/3.9/lib/python3.9/http/client.py", line 316, in begin
    version, status, reason = self._read_status()
  File "/Applications/Xcode.app/Contents/Developer/Library/Frameworks/Python3.framework/Versions/3.9/lib/python3.9/http/client.py", line 277, in _read_status
    line = str(self.fp.readline(_MAXLINE + 1), "iso-8859-1")
  File "/Applications/Xcode.app/Contents/Developer/Library/Frameworks/Python3.framework/Versions/3.9/lib/python3.9/socket.py", line 704, in readinto
    return self._sock.recv_into(b)
  File "/Applications/Xcode.app/Contents/Developer/Library/Frameworks/Python3.framework/Versions/3.9/lib/python3.9/ssl.py", line 1241, in recv_into
    return self.read(nbytes, buffer)
  File "/Applications/Xcode.app/Contents/Developer/Library/Frameworks/Python3.framework/Versions/3.9/lib/python3.9/ssl.py", line 1099, in read
    return self._sslobj.read(len, buffer)
socket.timeout: The read operation timed out

The above exception was the direct cause of the following exception:

Traceback (most recent call last):
  File "/Users/erkosh2001/Downloads/hotel_bot/.venv/lib/python3.9/site-packages/requests/adapters.py", line 644, in send
    resp = conn.urlopen(
  File "/Users/erkosh2001/Downloads/hotel_bot/.venv/lib/python3.9/site-packages/urllib3/connectionpool.py", line 841, in urlopen
    retries = retries.increment(
  File "/Users/erkosh2001/Downloads/hotel_bot/.venv/lib/python3.9/site-packages/urllib3/util/retry.py", line 490, in increment
    raise reraise(type(error), error, _stacktrace)
  File "/Users/erkosh2001/Downloads/hotel_bot/.venv/lib/python3.9/site-packages/urllib3/util/util.py", line 39, in reraise
    raise value
  File "/Users/erkosh2001/Downloads/hotel_bot/.venv/lib/python3.9/site-packages/urllib3/connectionpool.py", line 787, in urlopen
    response = self._make_request(
  File "/Users/erkosh2001/Downloads/hotel_bot/.venv/lib/python3.9/site-packages/urllib3/connectionpool.py", line 536, in _make_request
    self._raise_timeout(err=e, url=url, timeout_value=read_timeout)
  File "/Users/erkosh2001/Downloads/hotel_bot/.venv/lib/python3.9/site-packages/urllib3/connectionpool.py", line 367, in _raise_timeout
    raise ReadTimeoutError(
urllib3.exceptions.ReadTimeoutError: HTTPSConnectionPool(host='api.telegram.org', port=443): Read timed out. (read timeout=60)

During handling of the above exception, another exception occurred:

Traceback (most recent call last):
  File "/Users/erkosh2001/Downloads/hotel_bot/.venv/lib/python3.9/site-packages/telebot/__init__.py", line 955, in infinity_polling
    self.polling(non_stop=True, timeout=timeout, long_polling_timeout=long_polling_timeout,
  File "/Users/erkosh2001/Downloads/hotel_bot/.venv/lib/python3.9/site-packages/telebot/__init__.py", line 1043, in polling
    self.__threaded_polling(non_stop=non_stop, interval=interval, timeout=timeout, long_polling_timeout=long_polling_timeout,
  File "/Users/erkosh2001/Downloads/hotel_bot/.venv/lib/python3.9/site-packages/telebot/__init__.py", line 1118, in __threaded_polling
    raise e
  File "/Users/erkosh2001/Downloads/hotel_bot/.venv/lib/python3.9/site-packages/telebot/__init__.py", line 1073, in __threaded_polling
    polling_thread.raise_exceptions()
  File "/Users/erkosh2001/Downloads/hotel_bot/.venv/lib/python3.9/site-packages/telebot/util.py", line 108, in raise_exceptions
    raise self.exception_info
  File "/Users/erkosh2001/Downloads/hotel_bot/.venv/lib/python3.9/site-packages/telebot/util.py", line 90, in run
    task(*args, **kwargs)
  File "/Users/erkosh2001/Downloads/hotel_bot/.venv/lib/python3.9/site-packages/telebot/__init__.py", line 649, in __retrieve_updates
    updates = self.get_updates(offset=(self.last_update_id + 1),
  File "/Users/erkosh2001/Downloads/hotel_bot/.venv/lib/python3.9/site-packages/telebot/__init__.py", line 623, in get_updates
    json_updates = apihelper.get_updates(self.token, offset, limit, timeout, allowed_updates, long_polling_timeout)
  File "/Users/erkosh2001/Downloads/hotel_bot/.venv/lib/python3.9/site-packages/telebot/apihelper.py", line 321, in get_updates
    return _make_request(token, method_url, params=payload)
  File "/Users/erkosh2001/Downloads/hotel_bot/.venv/lib/python3.9/site-packages/telebot/apihelper.py", line 156, in _make_request
    result = _get_req_session().request(
  File "/Users/erkosh2001/Downloads/hotel_bot/.venv/lib/python3.9/site-packages/requests/sessions.py", line 589, in request
    resp = self.send(prep, **send_kwargs)
  File "/Users/erkosh2001/Downloads/hotel_bot/.venv/lib/python3.9/site-packages/requests/sessions.py", line 703, in send
    r = adapter.send(request, **kwargs)
  File "/Users/erkosh2001/Downloads/hotel_bot/.venv/lib/python3.9/site-packages/requests/adapters.py", line 690, in send
    raise ReadTimeout(e, request=request)
requests.exceptions.ReadTimeout: HTTPSConnectionPool(host='api.telegram.org', port=443): Read timed out. (read timeout=60)

2026-05-19 20:59:35,771 - TeleBot - ERROR - Infinity polling exception: HTTPSConnectionPool(host='api.telegram.org', port=443): Read timed out. (read timeout=60)
2026-05-19 20:59:35,774 - TeleBot - ERROR - Exception traceback:
Traceback (most recent call last):
  File "/Users/erkosh2001/Downloads/hotel_bot/.venv/lib/python3.9/site-packages/urllib3/connectionpool.py", line 534, in _make_request
    response = conn.getresponse()
  File "/Users/erkosh2001/Downloads/hotel_bot/.venv/lib/python3.9/site-packages/urllib3/connection.py", line 571, in getresponse
    httplib_response = super().getresponse()
  File "/Applications/Xcode.app/Contents/Developer/Library/Frameworks/Python3.framework/Versions/3.9/lib/python3.9/http/client.py", line 1349, in getresponse
    response.begin()
  File "/Applications/Xcode.app/Contents/Developer/Library/Frameworks/Python3.framework/Versions/3.9/lib/python3.9/http/client.py", line 316, in begin
    version, status, reason = self._read_status()
  File "/Applications/Xcode.app/Contents/Developer/Library/Frameworks/Python3.framework/Versions/3.9/lib/python3.9/http/client.py", line 277, in _read_status
    line = str(self.fp.readline(_MAXLINE + 1), "iso-8859-1")
  File "/Applications/Xcode.app/Contents/Developer/Library/Frameworks/Python3.framework/Versions/3.9/lib/python3.9/socket.py", line 704, in readinto
    return self._sock.recv_into(b)
  File "/Applications/Xcode.app/Contents/Developer/Library/Frameworks/Python3.framework/Versions/3.9/lib/python3.9/ssl.py", line 1241, in recv_into
    return self.read(nbytes, buffer)
  File "/Applications/Xcode.app/Contents/Developer/Library/Frameworks/Python3.framework/Versions/3.9/lib/python3.9/ssl.py", line 1099, in read
    return self._sslobj.read(len, buffer)
socket.timeout: The read operation timed out

The above exception was the direct cause of the following exception:

Traceback (most recent call last):
  File "/Users/erkosh2001/Downloads/hotel_bot/.venv/lib/python3.9/site-packages/requests/adapters.py", line 644, in send
    resp = conn.urlopen(
  File "/Users/erkosh2001/Downloads/hotel_bot/.venv/lib/python3.9/site-packages/urllib3/connectionpool.py", line 841, in urlopen
    retries = retries.increment(
  File "/Users/erkosh2001/Downloads/hotel_bot/.venv/lib/python3.9/site-packages/urllib3/util/retry.py", line 490, in increment
    raise reraise(type(error), error, _stacktrace)
  File "/Users/erkosh2001/Downloads/hotel_bot/.venv/lib/python3.9/site-packages/urllib3/util/util.py", line 39, in reraise
    raise value
  File "/Users/erkosh2001/Downloads/hotel_bot/.venv/lib/python3.9/site-packages/urllib3/connectionpool.py", line 787, in urlopen
    response = self._make_request(
  File "/Users/erkosh2001/Downloads/hotel_bot/.venv/lib/python3.9/site-packages/urllib3/connectionpool.py", line 536, in _make_request
    self._raise_timeout(err=e, url=url, timeout_value=read_timeout)
  File "/Users/erkosh2001/Downloads/hotel_bot/.venv/lib/python3.9/site-packages/urllib3/connectionpool.py", line 367, in _raise_timeout
    raise ReadTimeoutError(
urllib3.exceptions.ReadTimeoutError: HTTPSConnectionPool(host='api.telegram.org', port=443): Read timed out. (read timeout=60)

During handling of the above exception, another exception occurred:

Traceback (most recent call last):
  File "/Users/erkosh2001/Downloads/hotel_bot/.venv/lib/python3.9/site-packages/telebot/__init__.py", line 955, in infinity_polling
    self.polling(non_stop=True, timeout=timeout, long_polling_timeout=long_polling_timeout,
  File "/Users/erkosh2001/Downloads/hotel_bot/.venv/lib/python3.9/site-packages/telebot/__init__.py", line 1043, in polling
    self.__threaded_polling(non_stop=non_stop, interval=interval, timeout=timeout, long_polling_timeout=long_polling_timeout,
  File "/Users/erkosh2001/Downloads/hotel_bot/.venv/lib/python3.9/site-packages/telebot/__init__.py", line 1118, in __threaded_polling
    raise e
  File "/Users/erkosh2001/Downloads/hotel_bot/.venv/lib/python3.9/site-packages/telebot/__init__.py", line 1073, in __threaded_polling
    polling_thread.raise_exceptions()
  File "/Users/erkosh2001/Downloads/hotel_bot/.venv/lib/python3.9/site-packages/telebot/util.py", line 108, in raise_exceptions
    raise self.exception_info
  File "/Users/erkosh2001/Downloads/hotel_bot/.venv/lib/python3.9/site-packages/telebot/util.py", line 90, in run
    task(*args, **kwargs)
  File "/Users/erkosh2001/Downloads/hotel_bot/.venv/lib/python3.9/site-packages/telebot/__init__.py", line 649, in __retrieve_updates
    updates = self.get_updates(offset=(self.last_update_id + 1),
  File "/Users/erkosh2001/Downloads/hotel_bot/.venv/lib/python3.9/site-packages/telebot/__init__.py", line 623, in get_updates
    json_updates = apihelper.get_updates(self.token, offset, limit, timeout, allowed_updates, long_polling_timeout)
  File "/Users/erkosh2001/Downloads/hotel_bot/.venv/lib/python3.9/site-packages/telebot/apihelper.py", line 321, in get_updates
    return _make_request(token, method_url, params=payload)
  File "/Users/erkosh2001/Downloads/hotel_bot/.venv/lib/python3.9/site-packages/telebot/apihelper.py", line 156, in _make_request
    result = _get_req_session().request(
  File "/Users/erkosh2001/Downloads/hotel_bot/.venv/lib/python3.9/site-packages/requests/sessions.py", line 589, in request
    resp = self.send(prep, **send_kwargs)
  File "/Users/erkosh2001/Downloads/hotel_bot/.venv/lib/python3.9/site-packages/requests/sessions.py", line 703, in send
    r = adapter.send(request, **kwargs)
  File "/Users/erkosh2001/Downloads/hotel_bot/.venv/lib/python3.9/site-packages/requests/adapters.py", line 690, in send
    raise ReadTimeout(e, request=request)
requests.exceptions.ReadTimeout: HTTPSConnectionPool(host='api.telegram.org', port=443): Read timed out. (read timeout=60)

2026-05-19 21:16:51,756 - TeleBot - ERROR - Infinity polling: polling exited
2026-05-19 21:16:51,757 - TeleBot - ERROR - Break infinity polling
2026-05-19 21:16:53,389 - __main__ - INFO - 🏨 Hotel Bot запускается...
